<?xml version="1.0" encoding="UTF-8"?>
<!-- Generated by org.testng.reporters.JUnitReportReporter -->
<testsuite hostname="SIddu" failures="0" tests="3" name="com.Ninja.QATestcases.tC_TestScripts_LoginTestCases" time="11.130" errors="0" timestamp="2023-02-21T00:11:14 IST" skipped="1">
  <testcase classname="com.Ninja.QATestcases.tC_TestScripts_LoginTestCases" name="LoginUsingInvalidCredentials" time="4.545"/>
  <system-out/>
  <testcase classname="com.Ninja.QATestcases.tC_TestScripts_LoginTestCases" name="ExceededAllowedAttempts" time="6.585"/>
  <system-out/>
  <testcase classname="com.Ninja.QATestcases.tC_TestScripts_LoginTestCases" name="LoginUsingValidCredentials">
    <skipped/>
  </testcase> <!-- LoginUsingValidCredentials -->
  <system-out/>
</testsuite> <!-- com.Ninja.QATestcases.tC_TestScripts_LoginTestCases -->
