<?xml version="1.0" encoding="UTF-8"?>
<!-- Generated by org.testng.reporters.JUnitReportReporter -->
<testsuite hostname="SIddu" failures="0" tests="3" name="com.Ninja.QATestcases.tC_TestScripts_LoginTestCasestest" time="12.798" errors="0" timestamp="2023-02-24T13:44:41 IST" skipped="1">
  <testcase classname="com.Ninja.QATestcases.tC_TestScripts_LoginTestCasestest" name="LoginUsingInvalidCredentials" time="6.070"/>
  <system-out/>
  <testcase classname="com.Ninja.QATestcases.tC_TestScripts_LoginTestCasestest" name="ExceededAllowedAttempts" time="6.728"/>
  <system-out/>
  <testcase classname="com.Ninja.QATestcases.tC_TestScripts_LoginTestCasestest" name="LoginUsingValidCredentials">
    <skipped/>
  </testcase> <!-- LoginUsingValidCredentials -->
  <system-out/>
</testsuite> <!-- com.Ninja.QATestcases.tC_TestScripts_LoginTestCasestest -->
